Using pre-set license
Built from '2020.3/staging' branch; Version is '2020.3.11f1 (99c7afb366b3) revision 10078127'; Using compiler version '192528614'; Build Type 'Release'
OS: 'Windows 10 Home; OS build 19042.1052; Version 2009; 64bit' Language: 'de' Physical Memory: 8006 MB
BatchMode: 1, IsHumanControllingUs: 0, StartBugReporterOnCrash: 0, Is64bit: 1, IsPro: 0

 COMMAND LINE ARGUMENTS:
C:\Program Files\Unity\Hub\Editor\2020.3.11f1\Editor\Unity.exe
-adb2
-batchMode
-noUpm
-name
AssetImportWorker0
-projectPath
C:/Users/evah/Desktop/GitHub/mmp_project-DomisBranch/mmp_project-DomisBranch/Seuchenrunner
-logFile
Logs/AssetImportWorker0.log
-srvPort
53960
Successfully changed project path to: C:/Users/evah/Desktop/GitHub/mmp_project-DomisBranch/mmp_project-DomisBranch/Seuchenrunner
C:/Users/evah/Desktop/GitHub/mmp_project-DomisBranch/mmp_project-DomisBranch/Seuchenrunner
Using Asset Import Pipeline V2.
Refreshing native plugins compatible for Editor in 79.40 ms, found 3 plugins.
Preloading 0 native plugins for Editor in 0.00 ms.
Initialize engine version: 2020.3.11f1 (99c7afb366b3)
[Subsystems] Discovering subsystems at path C:/Program Files/Unity/Hub/Editor/2020.3.11f1/Editor/Data/Resources/UnitySubsystems
[Subsystems] Discovering subsystems at path C:/Users/evah/Desktop/GitHub/mmp_project-DomisBranch/mmp_project-DomisBranch/Seuchenrunner/Assets
GfxDevice: creating device client; threaded=0
Direct3D:
    Version:  Direct3D 11.0 [level 11.1]
    Renderer: Intel(R) UHD Graphics 620 (ID=0x3ea0)
    Vendor:   
    VRAM:     4003 MB
    Driver:   27.20.100.8681
Initialize mono
Mono path[0] = 'C:/Program Files/Unity/Hub/Editor/2020.3.11f1/Editor/Data/Managed'
Mono path[1] = 'C:/Program Files/Unity/Hub/Editor/2020.3.11f1/Editor/Data/MonoBleedingEdge/lib/mono/unityjit'
Mono config path = 'C:/Program Files/Unity/Hub/Editor/2020.3.11f1/Editor/Data/MonoBleedingEdge/etc'
Using monoOptions --debugger-agent=transport=dt_socket,embedding=1,server=y,suspend=n,address=127.0.0.1:56656
Begin MonoManager ReloadAssembly
Registering precompiled unity dll's ...
Register platform support module: C:/Program Files/Unity/Hub/Editor/2020.3.11f1/Editor/Data/PlaybackEngines/WindowsStandaloneSupport/UnityEditor.WindowsStandalone.Extensions.dll
Registered in 0.006054 seconds.
Native extension for WindowsStandalone target not found
Refreshing native plugins compatible for Editor in 62.59 ms, found 3 plugins.
Preloading 0 native plugins for Editor in 0.00 ms.
Mono: successfully reloaded assembly
- Completed reload, in  6.666 seconds
Platform modules already initialized, skipping
Registering precompiled user dll's ...
Registered in 0.016057 seconds.
Begin MonoManager ReloadAssembly
Native extension for WindowsStandalone target not found
Refreshing native plugins compatible for Editor in 68.96 ms, found 3 plugins.
Preloading 0 native plugins for Editor in 0.00 ms.
Mono: successfully reloaded assembly
- Completed reload, in  1.843 seconds
Platform modules already initialized, skipping
========================================================================
Worker process is ready to serve import requests
Launched and connected shader compiler UnityShaderCompiler.exe after 0.08 seconds
Refreshing native plugins compatible for Editor in 0.56 ms, found 3 plugins.
Preloading 0 native plugins for Editor in 0.00 ms.
Unloading 2137 Unused Serialized files (Serialized files now loaded: 0)
System memory in use before: 97.0 MB.
System memory in use after: 96.9 MB.

Unloading 33 unused Assets to reduce memory usage. Loaded Objects now: 2573.
Total: 3.008700 ms (FindLiveObjects: 0.434100 ms CreateObjectMapping: 0.127400 ms MarkObjects: 2.249900 ms  DeleteObjects: 0.195900 ms)

========================================================================
Received Import Request.
  path: Assets/Scenes
  artifactKey: Guid(2892b941bba17e2448d7159de752153e) Importer(815301076,1909f56bfc062723c751e8b465ee728b)
Start importing Assets/Scenes using Guid(2892b941bba17e2448d7159de752153e) Importer(815301076,1909f56bfc062723c751e8b465ee728b)  -> (artifact id: '61ce6d212dc2fd68e798b49d11a4c4cd') in 0.024339 seconds
  Import took 0.030073 seconds .

========================================================================
Received Import Request.
  Time since last request: 0.000783 seconds.
  path: Assets/Scenes/BaseCityGame.unity
  artifactKey: Guid(91f46c10d0f80e6478619e4223afebe9) Importer(815301076,1909f56bfc062723c751e8b465ee728b)
Start importing Assets/Scenes/BaseCityGame.unity using Guid(91f46c10d0f80e6478619e4223afebe9) Importer(815301076,1909f56bfc062723c751e8b465ee728b)  -> (artifact id: 'd54ecb7985bab6111da9b629d202a389') in 0.026654 seconds
  Import took 0.031853 seconds .

========================================================================
Received Import Request.
  Time since last request: 11.684118 seconds.
  path: Assets/Prefabs/Button.prefab
  artifactKey: Guid(7177f94ecf0cf1043a4790c439edbad6) Importer(815301076,1909f56bfc062723c751e8b465ee728b)
Start importing Assets/Prefabs/Button.prefab using Guid(7177f94ecf0cf1043a4790c439edbad6) Importer(815301076,1909f56bfc062723c751e8b465ee728b)  -> (artifact id: '5a00635e4755d5845ccef841fed61eda') in 0.161991 seconds
  Import took 0.168836 seconds .

========================================================================
Received Import Request.
  Time since last request: 0.000402 seconds.
  path: Assets/Prefabs/UI Canvas.prefab
  artifactKey: Guid(9a1bd12ebb35d4dc997aa0c5494eda9b) Importer(815301076,1909f56bfc062723c751e8b465ee728b)
Start importing Assets/Prefabs/UI Canvas.prefab using Guid(9a1bd12ebb35d4dc997aa0c5494eda9b) Importer(815301076,1909f56bfc062723c751e8b465ee728b)  -> (artifact id: '630ca2c377aa3d763c8e95c66d78be62') in 0.059021 seconds
  Import took 0.063744 seconds .

========================================================================
Received Import Request.
  Time since last request: 0.000309 seconds.
  path: Assets/Prefabs/Drone.prefab
  artifactKey: Guid(5f766fd57c3861740971ec474b22935b) Importer(815301076,1909f56bfc062723c751e8b465ee728b)
Start importing Assets/Prefabs/Drone.prefab using Guid(5f766fd57c3861740971ec474b22935b) Importer(815301076,1909f56bfc062723c751e8b465ee728b)  -> (artifact id: '70b3460689042cc142760956c3d32df1') in 0.119633 seconds
  Import took 0.124901 seconds .

========================================================================
Received Import Request.
  Time since last request: 0.000354 seconds.
  path: Assets/Prefabs/Player.prefab
  artifactKey: Guid(7d60c822c3f1b408ea7a00ecdb5e047a) Importer(815301076,1909f56bfc062723c751e8b465ee728b)
Start importing Assets/Prefabs/Player.prefab using Guid(7d60c822c3f1b408ea7a00ecdb5e047a) Importer(815301076,1909f56bfc062723c751e8b465ee728b)  -> (artifact id: 'cb49095a7af2a99cb2ec03fbe83b5d82') in 0.071605 seconds
  Import took 0.077141 seconds .

========================================================================
Received Import Request.
  Time since last request: 0.000321 seconds.
  path: Assets/Prefabs/CinemachineConfiner.prefab
  artifactKey: Guid(6f545478bd0fb7a478ed6f674a5210f5) Importer(815301076,1909f56bfc062723c751e8b465ee728b)
Start importing Assets/Prefabs/CinemachineConfiner.prefab using Guid(6f545478bd0fb7a478ed6f674a5210f5) Importer(815301076,1909f56bfc062723c751e8b465ee728b)  -> (artifact id: 'f3c5dd36245e43f18596b4b6b4d1eb93') in 0.013774 seconds
  Import took 0.020181 seconds .

========================================================================
Received Import Request.
  Time since last request: 22.123268 seconds.
  path: Assets/Collectibles
  artifactKey: Guid(f8f5a5e207c3c4d42988be2d7ec1dd9e) Importer(815301076,1909f56bfc062723c751e8b465ee728b)
Start importing Assets/Collectibles using Guid(f8f5a5e207c3c4d42988be2d7ec1dd9e) Importer(815301076,1909f56bfc062723c751e8b465ee728b)  -> (artifact id: '5a37ec41210165f3265835f9bdc5a1bd') in 0.011221 seconds
  Import took 0.018845 seconds .

========================================================================
Received Import Request.
  Time since last request: 0.065494 seconds.
  path: Assets/Environment
  artifactKey: Guid(edc8f6f3692d6864e9b88b69c01e6b34) Importer(815301076,1909f56bfc062723c751e8b465ee728b)
Start importing Assets/Environment using Guid(edc8f6f3692d6864e9b88b69c01e6b34) Importer(815301076,1909f56bfc062723c751e8b465ee728b)  -> (artifact id: '91928138a7ca1288108038f4243d62c8') in 0.011683 seconds
  Import took 0.017603 seconds .

========================================================================
Received Import Request.
  Time since last request: 26.345439 seconds.
  path: Assets/Collectibles/Diamond_3.png
  artifactKey: Guid(2b9f9099f8daac340b710fa39169c04d) Importer(815301076,1909f56bfc062723c751e8b465ee728b)
Start importing Assets/Collectibles/Diamond_3.png using Guid(2b9f9099f8daac340b710fa39169c04d) Importer(815301076,1909f56bfc062723c751e8b465ee728b)  -> (artifact id: '099812da17b72f2e9cd9b222a9b9698d') in 0.060690 seconds
  Import took 0.066351 seconds .

========================================================================
Received Prepare
Registering precompiled user dll's ...
Registered in 0.006792 seconds.
Begin MonoManager ReloadAssembly
Native extension for WindowsStandalone target not found
Refreshing native plugins compatible for Editor in 0.69 ms, found 3 plugins.
Preloading 0 native plugins for Editor in 0.00 ms.
Mono: successfully reloaded assembly
- Completed reload, in  1.609 seconds
Platform modules already initialized, skipping
Refreshing native plugins compatible for Editor in 0.51 ms, found 3 plugins.
Preloading 0 native plugins for Editor in 0.00 ms.
Unloading 2119 Unused Serialized files (Serialized files now loaded: 0)
System memory in use before: 98.7 MB.
System memory in use after: 98.7 MB.

Unloading 21 unused Assets to reduce memory usage. Loaded Objects now: 2586.
Total: 2.789600 ms (FindLiveObjects: 0.268500 ms CreateObjectMapping: 0.067900 ms MarkObjects: 2.278900 ms  DeleteObjects: 0.173300 ms)

========================================================================
Received Import Request.
  Time since last request: 705.782953 seconds.
  path: Assets/Scripts
  artifactKey: Guid(3a1f9183551b4b84d8f49db39b7b10da) Importer(815301076,1909f56bfc062723c751e8b465ee728b)
Start importing Assets/Scripts using Guid(3a1f9183551b4b84d8f49db39b7b10da) Importer(815301076,1909f56bfc062723c751e8b465ee728b)  -> (artifact id: '5656e509b1790ac4e9986b955c23320b') in 0.023029 seconds
  Import took 0.030104 seconds .

========================================================================
Received Import Request.
  Time since last request: 13.685829 seconds.
  path: Assets/Scripts/Collecting.cs
  artifactKey: Guid(89e7401f32c2d464c847b76b6eb3c0b1) Importer(815301076,1909f56bfc062723c751e8b465ee728b)
Start importing Assets/Scripts/Collecting.cs using Guid(89e7401f32c2d464c847b76b6eb3c0b1) Importer(815301076,1909f56bfc062723c751e8b465ee728b)  -> (artifact id: 'fe1c1775d89a9624b46aa803c5ebba8d') in 0.026744 seconds
  Import took 0.033532 seconds .

========================================================================
Received Import Request.
  Time since last request: 14.947674 seconds.
  path: Assets/Scripts/Levelende.cs
  artifactKey: Guid(6e969fa4bd3bde048936350f385a1f06) Importer(815301076,1909f56bfc062723c751e8b465ee728b)
Start importing Assets/Scripts/Levelende.cs using Guid(6e969fa4bd3bde048936350f385a1f06) Importer(815301076,1909f56bfc062723c751e8b465ee728b)  -> (artifact id: '46cf66da2e881b9cfdccbbec24917339') in 0.012939 seconds
  Import took 0.021087 seconds .

========================================================================
Received Import Request.
  Time since last request: 3.785191 seconds.
  path: Assets/Scripts/Levelende.cs
  artifactKey: Guid(6e969fa4bd3bde048936350f385a1f06) Importer(815301076,1909f56bfc062723c751e8b465ee728b)
Start importing Assets/Scripts/Levelende.cs using Guid(6e969fa4bd3bde048936350f385a1f06) Importer(815301076,1909f56bfc062723c751e8b465ee728b)  -> (artifact id: '46cf66da2e881b9cfdccbbec24917339') in 0.025210 seconds
  Import took 0.042074 seconds .

========================================================================
Received Prepare
Registering precompiled user dll's ...
Registered in 0.012406 seconds.
Begin MonoManager ReloadAssembly
Native extension for WindowsStandalone target not found
Refreshing native plugins compatible for Editor in 0.74 ms, found 3 plugins.
Preloading 0 native plugins for Editor in 0.00 ms.
Mono: successfully reloaded assembly
- Completed reload, in  1.516 seconds
Platform modules already initialized, skipping
Refreshing native plugins compatible for Editor in 1.87 ms, found 3 plugins.
Preloading 0 native plugins for Editor in 0.00 ms.
Unloading 2120 Unused Serialized files (Serialized files now loaded: 0)
System memory in use before: 98.8 MB.
System memory in use after: 98.8 MB.

Unloading 21 unused Assets to reduce memory usage. Loaded Objects now: 2591.
Total: 2.892000 ms (FindLiveObjects: 0.263800 ms CreateObjectMapping: 0.113300 ms MarkObjects: 2.366500 ms  DeleteObjects: 0.146600 ms)

========================================================================
Received Prepare
Registering precompiled user dll's ...
Registered in 0.014966 seconds.
Begin MonoManager ReloadAssembly
Native extension for WindowsStandalone target not found
Refreshing native plugins compatible for Editor in 0.70 ms, found 3 plugins.
Preloading 0 native plugins for Editor in 0.00 ms.
Mono: successfully reloaded assembly
- Completed reload, in  1.303 seconds
Platform modules already initialized, skipping
Refreshing native plugins compatible for Editor in 0.94 ms, found 3 plugins.
Preloading 0 native plugins for Editor in 0.00 ms.
Unloading 2120 Unused Serialized files (Serialized files now loaded: 0)
System memory in use before: 98.8 MB.
System memory in use after: 98.8 MB.

Unloading 21 unused Assets to reduce memory usage. Loaded Objects now: 2595.
Total: 3.071200 ms (FindLiveObjects: 0.229400 ms CreateObjectMapping: 0.065300 ms MarkObjects: 2.586000 ms  DeleteObjects: 0.189700 ms)

========================================================================
Received Import Request.
  Time since last request: 216.061720 seconds.
  path: ProjectSettings/TagManager.asset
  artifactKey: Guid(00000000000000003000000000000000) Importer(815301076,1909f56bfc062723c751e8b465ee728b)
Start importing ProjectSettings/TagManager.asset using Guid(00000000000000003000000000000000) Importer(815301076,1909f56bfc062723c751e8b465ee728b)  -> (artifact id: '992f2ae12ca46c103620cf3bcf89afaa') in 0.029085 seconds
  Import took 0.034401 seconds .

========================================================================
Received Prepare
Registering precompiled user dll's ...
Registered in 0.005502 seconds.
Begin MonoManager ReloadAssembly
Native extension for WindowsStandalone target not found
Refreshing native plugins compatible for Editor in 0.95 ms, found 3 plugins.
Preloading 0 native plugins for Editor in 0.00 ms.
Mono: successfully reloaded assembly
- Completed reload, in  1.358 seconds
Platform modules already initialized, skipping
Refreshing native plugins compatible for Editor in 0.50 ms, found 3 plugins.
Preloading 0 native plugins for Editor in 0.00 ms.
Unloading 2120 Unused Serialized files (Serialized files now loaded: 0)
System memory in use before: 98.8 MB.
System memory in use after: 98.8 MB.

Unloading 22 unused Assets to reduce memory usage. Loaded Objects now: 2599.
Total: 2.868900 ms (FindLiveObjects: 0.237500 ms CreateObjectMapping: 0.104800 ms MarkObjects: 2.386400 ms  DeleteObjects: 0.138900 ms)

========================================================================
Received Prepare
Registering precompiled user dll's ...
Registered in 0.005677 seconds.
Begin MonoManager ReloadAssembly
Native extension for WindowsStandalone target not found
Refreshing native plugins compatible for Editor in 0.65 ms, found 3 plugins.
Preloading 0 native plugins for Editor in 0.00 ms.
Mono: successfully reloaded assembly
- Completed reload, in  1.336 seconds
Platform modules already initialized, skipping
Refreshing native plugins compatible for Editor in 0.70 ms, found 3 plugins.
Preloading 0 native plugins for Editor in 0.00 ms.
Unloading 2120 Unused Serialized files (Serialized files now loaded: 0)
System memory in use before: 98.8 MB.
System memory in use after: 98.8 MB.

Unloading 21 unused Assets to reduce memory usage. Loaded Objects now: 2603.
Total: 3.180500 ms (FindLiveObjects: 0.279100 ms CreateObjectMapping: 0.098300 ms MarkObjects: 2.618300 ms  DeleteObjects: 0.183400 ms)

========================================================================
Received Import Request.
  Time since last request: 290.267434 seconds.
  path: Assets/Scripts/Collecting.cs
  artifactKey: Guid(89e7401f32c2d464c847b76b6eb3c0b1) Importer(815301076,1909f56bfc062723c751e8b465ee728b)
Start importing Assets/Scripts/Collecting.cs using Guid(89e7401f32c2d464c847b76b6eb3c0b1) Importer(815301076,1909f56bfc062723c751e8b465ee728b)  -> (artifact id: '3bbc1e81655399c45982b7b76d77c458') in 0.016961 seconds
  Import took 0.023892 seconds .

========================================================================
Received Import Request.
  Time since last request: 0.023044 seconds.
  path: Assets/Scripts/Collecting.cs
  artifactKey: Guid(89e7401f32c2d464c847b76b6eb3c0b1) Importer(815301076,1909f56bfc062723c751e8b465ee728b)
Start importing Assets/Scripts/Collecting.cs using Guid(89e7401f32c2d464c847b76b6eb3c0b1) Importer(815301076,1909f56bfc062723c751e8b465ee728b)  -> (artifact id: '3bbc1e81655399c45982b7b76d77c458') in 0.004654 seconds
  Import took 0.009955 seconds .

========================================================================
Received Prepare
Registering precompiled user dll's ...
Registered in 0.004832 seconds.
Begin MonoManager ReloadAssembly
Native extension for WindowsStandalone target not found
Refreshing native plugins compatible for Editor in 0.78 ms, found 3 plugins.
Preloading 0 native plugins for Editor in 0.00 ms.
Mono: successfully reloaded assembly
- Completed reload, in  1.420 seconds
Platform modules already initialized, skipping
Refreshing native plugins compatible for Editor in 0.74 ms, found 3 plugins.
Preloading 0 native plugins for Editor in 0.00 ms.
Unloading 2120 Unused Serialized files (Serialized files now loaded: 0)
System memory in use before: 98.8 MB.
System memory in use after: 98.8 MB.

Unloading 21 unused Assets to reduce memory usage. Loaded Objects now: 2607.
Total: 3.355600 ms (FindLiveObjects: 0.268000 ms CreateObjectMapping: 0.136400 ms MarkObjects: 2.807200 ms  DeleteObjects: 0.142400 ms)

========================================================================
Received Prepare
Registering precompiled user dll's ...
Registered in 0.007405 seconds.
Begin MonoManager ReloadAssembly
Native extension for WindowsStandalone target not found
Refreshing native plugins compatible for Editor in 0.64 ms, found 3 plugins.
Preloading 0 native plugins for Editor in 0.00 ms.
Mono: successfully reloaded assembly
- Completed reload, in  1.592 seconds
Platform modules already initialized, skipping
Refreshing native plugins compatible for Editor in 0.61 ms, found 3 plugins.
Preloading 0 native plugins for Editor in 0.00 ms.
Unloading 2120 Unused Serialized files (Serialized files now loaded: 0)
System memory in use before: 98.9 MB.
System memory in use after: 98.8 MB.

Unloading 21 unused Assets to reduce memory usage. Loaded Objects now: 2611.
Total: 3.596200 ms (FindLiveObjects: 0.310900 ms CreateObjectMapping: 0.142800 ms MarkObjects: 2.919800 ms  DeleteObjects: 0.221500 ms)

========================================================================
Received Import Request.
  Time since last request: 220.645535 seconds.
  path: Assets/Scripts/PlayerMovement.cs
  artifactKey: Guid(1bdf97270872c5247b9d885347f5fe96) Importer(815301076,1909f56bfc062723c751e8b465ee728b)
Start importing Assets/Scripts/PlayerMovement.cs using Guid(1bdf97270872c5247b9d885347f5fe96) Importer(815301076,1909f56bfc062723c751e8b465ee728b)  -> (artifact id: '4db737fe4d1a875ef4f48fff888e93b3') in 0.023498 seconds
  Import took 0.028757 seconds .

========================================================================
Received Import Request.
  Time since last request: 1.195559 seconds.
  path: Assets/Scripts/PlayerController.cs
  artifactKey: Guid(2161523491531fe4db9412015eeae465) Importer(815301076,1909f56bfc062723c751e8b465ee728b)
Start importing Assets/Scripts/PlayerController.cs using Guid(2161523491531fe4db9412015eeae465) Importer(815301076,1909f56bfc062723c751e8b465ee728b)  -> (artifact id: '8ebe5bda725aa77ca5529a63167798cd') in 0.019309 seconds
  Import took 0.027259 seconds .

========================================================================
Received Import Request.
  Time since last request: 10.054052 seconds.
  path: Assets/Character/Sprites/player/idle/idle-2.png
  artifactKey: Guid(549d483e5cacc460f8489223b7bedc15) Importer(815301076,1909f56bfc062723c751e8b465ee728b)
Start importing Assets/Character/Sprites/player/idle/idle-2.png using Guid(549d483e5cacc460f8489223b7bedc15) Importer(815301076,1909f56bfc062723c751e8b465ee728b)  -> (artifact id: 'b0b8e250e285f6c17e00635b0db2c631') in 0.089888 seconds
  Import took 0.096595 seconds .

========================================================================
Received Import Request.
  Time since last request: 0.005796 seconds.
  path: Assets/Character/Sprites/player/idle/idle-2.png
  artifactKey: Guid(549d483e5cacc460f8489223b7bedc15) Importer(815301076,1909f56bfc062723c751e8b465ee728b)
Start importing Assets/Character/Sprites/player/idle/idle-2.png using Guid(549d483e5cacc460f8489223b7bedc15) Importer(815301076,1909f56bfc062723c751e8b465ee728b)  -> (artifact id: 'b0b8e250e285f6c17e00635b0db2c631') in 0.016626 seconds
  Import took 0.022960 seconds .

========================================================================
Received Import Request.
  Time since last request: 29.264523 seconds.
  path: Assets/Character/Sprites/player/idle/idle-1.png
  artifactKey: Guid(041f56d6a022446e8b09e8a5be7f79ab) Importer(815301076,1909f56bfc062723c751e8b465ee728b)
Start importing Assets/Character/Sprites/player/idle/idle-1.png using Guid(041f56d6a022446e8b09e8a5be7f79ab) Importer(815301076,1909f56bfc062723c751e8b465ee728b)  -> (artifact id: '8f097f0388fd5513bf90dc39b1157e56') in 0.027116 seconds
  Import took 0.033652 seconds .

========================================================================
Received Import Request.
  Time since last request: 0.040412 seconds.
  path: Assets/Character/Sprites/player/idle/idle-1.png
  artifactKey: Guid(041f56d6a022446e8b09e8a5be7f79ab) Importer(815301076,1909f56bfc062723c751e8b465ee728b)
Start importing Assets/Character/Sprites/player/idle/idle-1.png using Guid(041f56d6a022446e8b09e8a5be7f79ab) Importer(815301076,1909f56bfc062723c751e8b465ee728b)  -> (artifact id: '8f097f0388fd5513bf90dc39b1157e56') in 0.018057 seconds
  Import took 0.024303 seconds .

========================================================================
Received Prepare
Registering precompiled user dll's ...
Registered in 0.004915 seconds.
Begin MonoManager ReloadAssembly
Native extension for WindowsStandalone target not found
Refreshing native plugins compatible for Editor in 0.63 ms, found 3 plugins.
Preloading 0 native plugins for Editor in 0.00 ms.
Mono: successfully reloaded assembly
- Completed reload, in  1.386 seconds
Platform modules already initialized, skipping
Refreshing native plugins compatible for Editor in 0.68 ms, found 3 plugins.
Preloading 0 native plugins for Editor in 0.00 ms.
Unloading 2120 Unused Serialized files (Serialized files now loaded: 0)
System memory in use before: 98.9 MB.
System memory in use after: 98.8 MB.

Unloading 21 unused Assets to reduce memory usage. Loaded Objects now: 2618.
Total: 3.805500 ms (FindLiveObjects: 0.415100 ms CreateObjectMapping: 0.173600 ms MarkObjects: 3.017100 ms  DeleteObjects: 0.197600 ms)

========================================================================
Received Import Request.
  Time since last request: 11.545680 seconds.
  path: Assets/Character/Sprites/player/idle/idle-3.png
  artifactKey: Guid(0e5a39e99f841451ea202f086f8c456e) Importer(815301076,1909f56bfc062723c751e8b465ee728b)
Start importing Assets/Character/Sprites/player/idle/idle-3.png using Guid(0e5a39e99f841451ea202f086f8c456e) Importer(815301076,1909f56bfc062723c751e8b465ee728b)  -> (artifact id: 'efa3e51a5706bfd069270526331c328d') in 0.095864 seconds
  Import took 0.106222 seconds .

========================================================================
Received Import Request.
  Time since last request: 0.010960 seconds.
  path: Assets/Character/Sprites/player/run/run-1.png
  artifactKey: Guid(35f0345bce07647ac927afb5b0e28a98) Importer(815301076,1909f56bfc062723c751e8b465ee728b)
Start importing Assets/Character/Sprites/player/run/run-1.png using Guid(35f0345bce07647ac927afb5b0e28a98) Importer(815301076,1909f56bfc062723c751e8b465ee728b)  -> (artifact id: '154a650cd0a99ea56c84f34538149ef3') in 0.027321 seconds
  Import took 0.035057 seconds .

========================================================================
Received Import Request.
  Time since last request: 0.045711 seconds.
  path: Assets/Character/Sprites/player/run/run-2.png
  artifactKey: Guid(731f732f77a0b4435bbf67dc9af8cc42) Importer(815301076,1909f56bfc062723c751e8b465ee728b)
Start importing Assets/Character/Sprites/player/run/run-2.png using Guid(731f732f77a0b4435bbf67dc9af8cc42) Importer(815301076,1909f56bfc062723c751e8b465ee728b)  -> (artifact id: 'bb27e6c61be5a69365d3619a94cd8e2c') in 0.025396 seconds
  Import took 0.032717 seconds .

========================================================================
Received Import Request.
  Time since last request: 1.676261 seconds.
  path: Assets/Character/Sprites/player/idle/idle-4.png
  artifactKey: Guid(2d414b37f3de74d2494564eb6ca8b8cb) Importer(815301076,1909f56bfc062723c751e8b465ee728b)
Start importing Assets/Character/Sprites/player/idle/idle-4.png using Guid(2d414b37f3de74d2494564eb6ca8b8cb) Importer(815301076,1909f56bfc062723c751e8b465ee728b)  -> (artifact id: '4742902a31252c5097d299a363f85e45') in 0.022733 seconds
  Import took 0.030465 seconds .

========================================================================
Received Import Request.
  Time since last request: 1.502100 seconds.
  path: Assets/Character/Sprites/player/run/run-3.png
  artifactKey: Guid(0dcbb2f293c524e769763a40524e59d1) Importer(815301076,1909f56bfc062723c751e8b465ee728b)
Start importing Assets/Character/Sprites/player/run/run-3.png using Guid(0dcbb2f293c524e769763a40524e59d1) Importer(815301076,1909f56bfc062723c751e8b465ee728b)  -> (artifact id: '6e92bd7cec2f619a0a1065db8b5b21de') in 0.033840 seconds
  Import took 0.041904 seconds .

========================================================================
Received Import Request.
  Time since last request: 0.006279 seconds.
  path: Assets/Character/Sprites/player/run/run-3.png
  artifactKey: Guid(0dcbb2f293c524e769763a40524e59d1) Importer(815301076,1909f56bfc062723c751e8b465ee728b)
Start importing Assets/Character/Sprites/player/run/run-3.png using Guid(0dcbb2f293c524e769763a40524e59d1) Importer(815301076,1909f56bfc062723c751e8b465ee728b)  -> (artifact id: '6e92bd7cec2f619a0a1065db8b5b21de') in 0.020750 seconds
  Import took 0.027503 seconds .

========================================================================
Received Import Request.
  Time since last request: 0.004067 seconds.
  path: Assets/Character/Sprites/player/run/run-4.png
  artifactKey: Guid(3a94caeb06e2049a0bcc696ac4715ed8) Importer(815301076,1909f56bfc062723c751e8b465ee728b)
Start importing Assets/Character/Sprites/player/run/run-4.png using Guid(3a94caeb06e2049a0bcc696ac4715ed8) Importer(815301076,1909f56bfc062723c751e8b465ee728b)  -> (artifact id: '4c0e2e152649d4122a432d8feaeaed5f') in 0.026326 seconds
  Import took 0.034006 seconds .

========================================================================
Received Import Request.
  Time since last request: 0.051414 seconds.
  path: Assets/Character/Sprites/player/run/run-5.png
  artifactKey: Guid(f6e95bd7637be45a5bac44f2183b543c) Importer(815301076,1909f56bfc062723c751e8b465ee728b)
Start importing Assets/Character/Sprites/player/run/run-5.png using Guid(f6e95bd7637be45a5bac44f2183b543c) Importer(815301076,1909f56bfc062723c751e8b465ee728b)  -> (artifact id: 'b20e2cb6093be10e6d3679ba7a65110f') in 0.024618 seconds
  Import took 0.031069 seconds .

========================================================================
Received Import Request.
  Time since last request: 0.006740 seconds.
  path: Assets/Character/Sprites/player/run/run-5.png
  artifactKey: Guid(f6e95bd7637be45a5bac44f2183b543c) Importer(815301076,1909f56bfc062723c751e8b465ee728b)
Start importing Assets/Character/Sprites/player/run/run-5.png using Guid(f6e95bd7637be45a5bac44f2183b543c) Importer(815301076,1909f56bfc062723c751e8b465ee728b)  -> (artifact id: 'b20e2cb6093be10e6d3679ba7a65110f') in 0.018728 seconds
  Import took 0.025712 seconds .

========================================================================
Received Import Request.
  Time since last request: 0.979333 seconds.
  path: Assets/Character/Sprites/player/run/run-6.png
  artifactKey: Guid(c2c96d70d0d774eb8b26b0f86777c608) Importer(815301076,1909f56bfc062723c751e8b465ee728b)
Start importing Assets/Character/Sprites/player/run/run-6.png using Guid(c2c96d70d0d774eb8b26b0f86777c608) Importer(815301076,1909f56bfc062723c751e8b465ee728b)  -> (artifact id: 'bc849444b75e8e7a7982c393eb62477a') in 0.032128 seconds
  Import took 0.038502 seconds .

========================================================================
Received Import Request.
  Time since last request: 0.008323 seconds.
  path: Assets/Character/Sprites/player/run/run-6.png
  artifactKey: Guid(c2c96d70d0d774eb8b26b0f86777c608) Importer(815301076,1909f56bfc062723c751e8b465ee728b)
Start importing Assets/Character/Sprites/player/run/run-6.png using Guid(c2c96d70d0d774eb8b26b0f86777c608) Importer(815301076,1909f56bfc062723c751e8b465ee728b)  -> (artifact id: 'bc849444b75e8e7a7982c393eb62477a') in 0.017500 seconds
  Import took 0.023643 seconds .

========================================================================
Received Import Request.
  Time since last request: 0.048932 seconds.
  path: Assets/Character/Sprites/player/run/run-7.png
  artifactKey: Guid(cf908c36d05544833b46de6e98e9af69) Importer(815301076,1909f56bfc062723c751e8b465ee728b)
Start importing Assets/Character/Sprites/player/run/run-7.png using Guid(cf908c36d05544833b46de6e98e9af69) Importer(815301076,1909f56bfc062723c751e8b465ee728b)  -> (artifact id: '1febffaafbbf694ff8195a3b072d1aa1') in 0.026072 seconds
  Import took 0.032378 seconds .

========================================================================
Received Import Request.
  Time since last request: 0.010514 seconds.
  path: Assets/Character/Sprites/player/run/run-7.png
  artifactKey: Guid(cf908c36d05544833b46de6e98e9af69) Importer(815301076,1909f56bfc062723c751e8b465ee728b)
Start importing Assets/Character/Sprites/player/run/run-7.png using Guid(cf908c36d05544833b46de6e98e9af69) Importer(815301076,1909f56bfc062723c751e8b465ee728b)  -> (artifact id: '1febffaafbbf694ff8195a3b072d1aa1') in 0.015720 seconds
  Import took 0.021158 seconds .

========================================================================
Received Import Request.
  Time since last request: 0.009578 seconds.
  path: Assets/Character/Sprites/player/run/run-8.png
  artifactKey: Guid(14df0b26474d0497f88592b611ff88ea) Importer(815301076,1909f56bfc062723c751e8b465ee728b)
Start importing Assets/Character/Sprites/player/run/run-8.png using Guid(14df0b26474d0497f88592b611ff88ea) Importer(815301076,1909f56bfc062723c751e8b465ee728b)  -> (artifact id: '73b003f8441addce3c013ee88b445826') in 0.023332 seconds
  Import took 0.029971 seconds .

========================================================================
Received Prepare
Registering precompiled user dll's ...
Registered in 0.007287 seconds.
Begin MonoManager ReloadAssembly
Native extension for WindowsStandalone target not found
Refreshing native plugins compatible for Editor in 0.62 ms, found 3 plugins.
Preloading 0 native plugins for Editor in 0.00 ms.
Mono: successfully reloaded assembly
- Completed reload, in  1.249 seconds
Platform modules already initialized, skipping
Refreshing native plugins compatible for Editor in 0.52 ms, found 3 plugins.
Preloading 0 native plugins for Editor in 0.00 ms.
Unloading 2120 Unused Serialized files (Serialized files now loaded: 0)
System memory in use before: 98.9 MB.
System memory in use after: 98.9 MB.

Unloading 21 unused Assets to reduce memory usage. Loaded Objects now: 2623.
Total: 2.831400 ms (FindLiveObjects: 0.242000 ms CreateObjectMapping: 0.073400 ms MarkObjects: 2.341900 ms  DeleteObjects: 0.173100 ms)

========================================================================
Received Import Request.
  Time since last request: 97.183161 seconds.
  path: Assets/Scripts/PlayerController.cs
  artifactKey: Guid(2161523491531fe4db9412015eeae465) Importer(815301076,1909f56bfc062723c751e8b465ee728b)
Start importing Assets/Scripts/PlayerController.cs using Guid(2161523491531fe4db9412015eeae465) Importer(815301076,1909f56bfc062723c751e8b465ee728b)  -> (artifact id: 'fc79c0a9a8a749e57dd67945ba450f73') in 0.008063 seconds
  Import took 0.012407 seconds .

========================================================================
Received Import Request.
  Time since last request: 0.078919 seconds.
  path: Assets/Scripts/Zeichnung 6.cs
  artifactKey: Guid(70900f5fcf32c2d408646216e8232158) Importer(815301076,1909f56bfc062723c751e8b465ee728b)
Start importing Assets/Scripts/Zeichnung 6.cs using Guid(70900f5fcf32c2d408646216e8232158) Importer(815301076,1909f56bfc062723c751e8b465ee728b)  -> (artifact id: '3d17145faa16748fa84a6ca633c458ab') in 0.010487 seconds
  Import took 0.016532 seconds .

========================================================================
Received Prepare
Registering precompiled user dll's ...
Registered in 0.008360 seconds.
Begin MonoManager ReloadAssembly
Native extension for WindowsStandalone target not found
Refreshing native plugins compatible for Editor in 0.98 ms, found 3 plugins.
Preloading 0 native plugins for Editor in 0.00 ms.
Mono: successfully reloaded assembly
- Completed reload, in  1.719 seconds
Platform modules already initialized, skipping
Refreshing native plugins compatible for Editor in 0.91 ms, found 3 plugins.
Preloading 0 native plugins for Editor in 0.00 ms.
Unloading 2119 Unused Serialized files (Serialized files now loaded: 0)
System memory in use before: 98.9 MB.
System memory in use after: 98.9 MB.

Unloading 22 unused Assets to reduce memory usage. Loaded Objects now: 2626.
Total: 4.602200 ms (FindLiveObjects: 0.272500 ms CreateObjectMapping: 0.115700 ms MarkObjects: 4.006700 ms  DeleteObjects: 0.205100 ms)

========================================================================
Received Prepare
Registering precompiled user dll's ...
Registered in 0.006504 seconds.
Begin MonoManager ReloadAssembly
Native extension for WindowsStandalone target not found
Refreshing native plugins compatible for Editor in 0.58 ms, found 3 plugins.
Preloading 0 native plugins for Editor in 0.00 ms.
Mono: successfully reloaded assembly
- Completed reload, in  1.336 seconds
Platform modules already initialized, skipping
Refreshing native plugins compatible for Editor in 0.60 ms, found 3 plugins.
Preloading 0 native plugins for Editor in 0.00 ms.
Unloading 2119 Unused Serialized files (Serialized files now loaded: 0)
System memory in use before: 98.9 MB.
System memory in use after: 98.9 MB.

Unloading 21 unused Assets to reduce memory usage. Loaded Objects now: 2630.
Total: 2.841300 ms (FindLiveObjects: 0.283600 ms CreateObjectMapping: 0.095400 ms MarkObjects: 2.255100 ms  DeleteObjects: 0.206000 ms)

========================================================================
Received Prepare
Registering precompiled user dll's ...
Registered in 0.007443 seconds.
Begin MonoManager ReloadAssembly
Native extension for WindowsStandalone target not found
Refreshing native plugins compatible for Editor in 0.59 ms, found 3 plugins.
Preloading 0 native plugins for Editor in 0.00 ms.
Mono: successfully reloaded assembly
- Completed reload, in  1.580 seconds
Platform modules already initialized, skipping
Refreshing native plugins compatible for Editor in 0.61 ms, found 3 plugins.
Preloading 0 native plugins for Editor in 0.00 ms.
Unloading 2119 Unused Serialized files (Serialized files now loaded: 0)
System memory in use before: 98.9 MB.
System memory in use after: 98.9 MB.

Unloading 21 unused Assets to reduce memory usage. Loaded Objects now: 2634.
Total: 4.530000 ms (FindLiveObjects: 0.343900 ms CreateObjectMapping: 0.199200 ms MarkObjects: 3.770200 ms  DeleteObjects: 0.215300 ms)

========================================================================
Received Prepare
Registering precompiled user dll's ...
Registered in 0.007317 seconds.
Begin MonoManager ReloadAssembly
Native extension for WindowsStandalone target not found
Refreshing native plugins compatible for Editor in 0.59 ms, found 3 plugins.
Preloading 0 native plugins for Editor in 0.00 ms.
Mono: successfully reloaded assembly
- Completed reload, in  1.429 seconds
Platform modules already initialized, skipping
Refreshing native plugins compatible for Editor in 0.86 ms, found 3 plugins.
Preloading 0 native plugins for Editor in 0.00 ms.
Unloading 2119 Unused Serialized files (Serialized files now loaded: 0)
System memory in use before: 98.9 MB.
System memory in use after: 98.9 MB.

Unloading 21 unused Assets to reduce memory usage. Loaded Objects now: 2638.
Total: 2.944800 ms (FindLiveObjects: 0.241800 ms CreateObjectMapping: 0.071000 ms MarkObjects: 2.430900 ms  DeleteObjects: 0.200100 ms)

========================================================================
Received Import Request.
  Time since last request: 514.629764 seconds.
  path: Assets/Collectibles/Collectible.prefab
  artifactKey: Guid(92f944c54f487d34898ba9bbdc2b3b47) Importer(815301076,1909f56bfc062723c751e8b465ee728b)
Start importing Assets/Collectibles/Collectible.prefab using Guid(92f944c54f487d34898ba9bbdc2b3b47) Importer(815301076,1909f56bfc062723c751e8b465ee728b)  -> (artifact id: 'da552002be2742145fc3d278ed5fed2c') in 0.101925 seconds
  Import took 0.109278 seconds .

========================================================================
Received Import Request.
  Time since last request: 0.007755 seconds.
  path: Assets/Collectibles/Collectible.prefab
  artifactKey: Guid(92f944c54f487d34898ba9bbdc2b3b47) Importer(815301076,1909f56bfc062723c751e8b465ee728b)
Start importing Assets/Collectibles/Collectible.prefab using Guid(92f944c54f487d34898ba9bbdc2b3b47) Importer(815301076,1909f56bfc062723c751e8b465ee728b)  -> (artifact id: 'da552002be2742145fc3d278ed5fed2c') in 0.017545 seconds
  Import took 0.022658 seconds .

========================================================================
Received Import Request.
  Time since last request: 10.886946 seconds.
  path: Assets/Collectibles/Collectible_Prefab.prefab
  artifactKey: Guid(92f944c54f487d34898ba9bbdc2b3b47) Importer(815301076,1909f56bfc062723c751e8b465ee728b)
Start importing Assets/Collectibles/Collectible_Prefab.prefab using Guid(92f944c54f487d34898ba9bbdc2b3b47) Importer(815301076,1909f56bfc062723c751e8b465ee728b)  -> (artifact id: 'f6d80df7761bd2ff07da09eed3ec0bb4') in 0.024450 seconds
  Import took 0.031256 seconds .

========================================================================
Received Import Request.
  Time since last request: 0.001709 seconds.
  path: Assets/Collectibles/Collectible_Prefab.prefab
  artifactKey: Guid(92f944c54f487d34898ba9bbdc2b3b47) Importer(815301076,1909f56bfc062723c751e8b465ee728b)
Start importing Assets/Collectibles/Collectible_Prefab.prefab using Guid(92f944c54f487d34898ba9bbdc2b3b47) Importer(815301076,1909f56bfc062723c751e8b465ee728b)  -> (artifact id: 'f6d80df7761bd2ff07da09eed3ec0bb4') in 0.014647 seconds
  Import took 0.021686 seconds .

========================================================================
Received Import Request.
  Time since last request: 14.662940 seconds.
  path: Assets/Environment/background/skyline-a.png
  artifactKey: Guid(85e3b366cc43a412eaea4abb85da0cd3) Importer(815301076,1909f56bfc062723c751e8b465ee728b)
Start importing Assets/Environment/background/skyline-a.png using Guid(85e3b366cc43a412eaea4abb85da0cd3) Importer(815301076,1909f56bfc062723c751e8b465ee728b)  -> (artifact id: '5acde726c27d4840a12749fceca32306') in 0.062256 seconds
  Import took 0.068260 seconds .

========================================================================
Received Import Request.
  Time since last request: 0.008306 seconds.
  path: Assets/Environment/background/skyline-a.png
  artifactKey: Guid(85e3b366cc43a412eaea4abb85da0cd3) Importer(815301076,1909f56bfc062723c751e8b465ee728b)
Start importing Assets/Environment/background/skyline-a.png using Guid(85e3b366cc43a412eaea4abb85da0cd3) Importer(815301076,1909f56bfc062723c751e8b465ee728b)  -> (artifact id: '5acde726c27d4840a12749fceca32306') in 0.018475 seconds
  Import took 0.024625 seconds .

========================================================================
Received Prepare
Registering precompiled user dll's ...
Registered in 0.005498 seconds.
Begin MonoManager ReloadAssembly
Native extension for WindowsStandalone target not found
Refreshing native plugins compatible for Editor in 0.69 ms, found 3 plugins.
Preloading 0 native plugins for Editor in 0.00 ms.
Mono: successfully reloaded assembly
- Completed reload, in  1.443 seconds
Platform modules already initialized, skipping
Refreshing native plugins compatible for Editor in 0.66 ms, found 3 plugins.
Preloading 0 native plugins for Editor in 0.00 ms.
Unloading 2119 Unused Serialized files (Serialized files now loaded: 0)
System memory in use before: 98.9 MB.
System memory in use after: 98.9 MB.

Unloading 21 unused Assets to reduce memory usage. Loaded Objects now: 2645.
Total: 2.909100 ms (FindLiveObjects: 0.274200 ms CreateObjectMapping: 0.092100 ms MarkObjects: 2.357400 ms  DeleteObjects: 0.183800 ms)

========================================================================
Received Import Request.
  Time since last request: 606.259482 seconds.
  path: Assets/TextMesh Pro/Examples & Extras/Fonts/Bangers.ttf
  artifactKey: Guid(5dd49b3eacc540408c98eee0de38e0f1) Importer(815301076,1909f56bfc062723c751e8b465ee728b)
Start importing Assets/TextMesh Pro/Examples & Extras/Fonts/Bangers.ttf using Guid(5dd49b3eacc540408c98eee0de38e0f1) Importer(815301076,1909f56bfc062723c751e8b465ee728b)  -> (artifact id: '4bcbddb7e72e92fa3a6f13b2b0717c42') in 0.167240 seconds
  Import took 0.175262 seconds .

========================================================================
Received Import Request.
  Time since last request: 0.000390 seconds.
  path: Assets/TextMesh Pro/Examples & Extras/Fonts/Oswald-Bold.ttf
  artifactKey: Guid(c9f6d0e7bc8541498c9a4799ba184ede) Importer(815301076,1909f56bfc062723c751e8b465ee728b)
Start importing Assets/TextMesh Pro/Examples & Extras/Fonts/Oswald-Bold.ttf using Guid(c9f6d0e7bc8541498c9a4799ba184ede) Importer(815301076,1909f56bfc062723c751e8b465ee728b)  -> (artifact id: '9d313bcea6b6ddf2c8c0bdfd1fb81dfc') in 0.031896 seconds
  Import took 0.038496 seconds .

========================================================================
Received Import Request.
  Time since last request: 0.000369 seconds.
  path: Assets/TextMesh Pro/Examples & Extras/Fonts/Roboto-Bold.ttf
  artifactKey: Guid(4beb055f07aaff244873dec698d0363e) Importer(815301076,1909f56bfc062723c751e8b465ee728b)
Start importing Assets/TextMesh Pro/Examples & Extras/Fonts/Roboto-Bold.ttf using Guid(4beb055f07aaff244873dec698d0363e) Importer(815301076,1909f56bfc062723c751e8b465ee728b)  -> (artifact id: '6c0d3d5e9fbf8ba6903c17dcbf477454') in 0.026012 seconds
  Import took 0.032364 seconds .

========================================================================
Received Import Request.
  Time since last request: 0.000479 seconds.
  path: Assets/TextMesh Pro/Examples & Extras/Fonts/Electronic Highway Sign.TTF
  artifactKey: Guid(8a2b9e2a607dd2143b58c44bc32410b4) Importer(815301076,1909f56bfc062723c751e8b465ee728b)
Start importing Assets/TextMesh Pro/Examples & Extras/Fonts/Electronic Highway Sign.TTF using Guid(8a2b9e2a607dd2143b58c44bc32410b4) Importer(815301076,1909f56bfc062723c751e8b465ee728b)  -> (artifact id: 'e9ac7beed70274322407e6f2201347ab') in 0.028346 seconds
  Import took 0.034310 seconds .

========================================================================
Received Import Request.
  Time since last request: 0.000288 seconds.
  path: Assets/TextMesh Pro/Fonts/LiberationSans.ttf
  artifactKey: Guid(e3265ab4bf004d28a9537516768c1c75) Importer(815301076,1909f56bfc062723c751e8b465ee728b)
Start importing Assets/TextMesh Pro/Fonts/LiberationSans.ttf using Guid(e3265ab4bf004d28a9537516768c1c75) Importer(815301076,1909f56bfc062723c751e8b465ee728b)  -> (artifact id: 'bdddd331c3f1b7826858a8d92db67e39') in 0.031378 seconds
  Import took 0.036455 seconds .

========================================================================
Received Import Request.
  Time since last request: 0.000413 seconds.
  path: Assets/TextMesh Pro/Examples & Extras/Fonts/Bangers.ttf
  artifactKey: Guid(5dd49b3eacc540408c98eee0de38e0f1) Importer(815301076,1909f56bfc062723c751e8b465ee728b)
Start importing Assets/TextMesh Pro/Examples & Extras/Fonts/Bangers.ttf using Guid(5dd49b3eacc540408c98eee0de38e0f1) Importer(815301076,1909f56bfc062723c751e8b465ee728b)  -> (artifact id: '4bcbddb7e72e92fa3a6f13b2b0717c42') in 0.017615 seconds
  Import took 0.024660 seconds .

========================================================================
Received Import Request.
  Time since last request: 1.690422 seconds.
  path: Assets/TextMesh Pro/Examples & Extras/Fonts/Anton.ttf
  artifactKey: Guid(997a43b767814dd0a7642ec9b78cba41) Importer(815301076,1909f56bfc062723c751e8b465ee728b)
Start importing Assets/TextMesh Pro/Examples & Extras/Fonts/Anton.ttf using Guid(997a43b767814dd0a7642ec9b78cba41) Importer(815301076,1909f56bfc062723c751e8b465ee728b)  -> (artifact id: 'a682bbb39787555d96ca66a99595bfc7') in 0.032691 seconds
  Import took 0.040695 seconds .

========================================================================
Received Import Request.
  Time since last request: 233.520445 seconds.
  path: Assets/Scripts/PlayerController.cs
  artifactKey: Guid(2161523491531fe4db9412015eeae465) Importer(815301076,1909f56bfc062723c751e8b465ee728b)
Start importing Assets/Scripts/PlayerController.cs using Guid(2161523491531fe4db9412015eeae465) Importer(815301076,1909f56bfc062723c751e8b465ee728b)  -> (artifact id: 'd0ac870695be8b3301a26881faa5776d') in 0.004399 seconds
  Import took 0.012762 seconds .

========================================================================
Received Prepare
Registering precompiled user dll's ...
Registered in 0.008170 seconds.
Begin MonoManager ReloadAssembly
Native extension for WindowsStandalone target not found
Refreshing native plugins compatible for Editor in 0.72 ms, found 3 plugins.
Preloading 0 native plugins for Editor in 0.00 ms.
Mono: successfully reloaded assembly
- Completed reload, in  1.366 seconds
Platform modules already initialized, skipping
Refreshing native plugins compatible for Editor in 0.62 ms, found 3 plugins.
Preloading 0 native plugins for Editor in 0.00 ms.
Unloading 2119 Unused Serialized files (Serialized files now loaded: 0)
System memory in use before: 99.3 MB.
System memory in use after: 99.2 MB.

Unloading 21 unused Assets to reduce memory usage. Loaded Objects now: 2687.
Total: 4.384200 ms (FindLiveObjects: 0.266500 ms CreateObjectMapping: 0.111300 ms MarkObjects: 3.717800 ms  DeleteObjects: 0.286500 ms)

========================================================================
Received Import Request.
  Time since last request: 227.858058 seconds.
  path: Assets/Scripts/PlayerController.cs
  artifactKey: Guid(2161523491531fe4db9412015eeae465) Importer(815301076,1909f56bfc062723c751e8b465ee728b)
Start importing Assets/Scripts/PlayerController.cs using Guid(2161523491531fe4db9412015eeae465) Importer(815301076,1909f56bfc062723c751e8b465ee728b)  -> (artifact id: '92c013a88d4bee05d557e7f7ac61049a') in 0.008671 seconds
  Import took 0.014297 seconds .

========================================================================
Received Import Request.
  Time since last request: 407.236687 seconds.
  path: Assets/Scripts/PlayerController.cs
  artifactKey: Guid(2161523491531fe4db9412015eeae465) Importer(815301076,1909f56bfc062723c751e8b465ee728b)
Start importing Assets/Scripts/PlayerController.cs using Guid(2161523491531fe4db9412015eeae465) Importer(815301076,1909f56bfc062723c751e8b465ee728b)  -> (artifact id: '785403063557f7330ac511e5aba93d06') in 0.003909 seconds
  Import took 0.009982 seconds .

========================================================================
Received Import Request.
  Time since last request: 0.002356 seconds.
  path: Assets/Scripts/PlayerController.cs
  artifactKey: Guid(2161523491531fe4db9412015eeae465) Importer(815301076,1909f56bfc062723c751e8b465ee728b)
Start importing Assets/Scripts/PlayerController.cs using Guid(2161523491531fe4db9412015eeae465) Importer(815301076,1909f56bfc062723c751e8b465ee728b)  -> (artifact id: '785403063557f7330ac511e5aba93d06') in 0.004130 seconds
  Import took 0.009428 seconds .

========================================================================
Received Import Request.
  Time since last request: 123.064842 seconds.
  path: Assets/Scripts/PlayerController.cs
  artifactKey: Guid(2161523491531fe4db9412015eeae465) Importer(815301076,1909f56bfc062723c751e8b465ee728b)
Start importing Assets/Scripts/PlayerController.cs using Guid(2161523491531fe4db9412015eeae465) Importer(815301076,1909f56bfc062723c751e8b465ee728b)  -> (artifact id: '604daa7898293382e6ca0a5836eb60e2') in 0.004780 seconds
  Import took 0.016062 seconds .

========================================================================
Received Import Request.
  Time since last request: 52.066115 seconds.
  path: Assets/Scripts/PlayerController.cs
  artifactKey: Guid(2161523491531fe4db9412015eeae465) Importer(815301076,1909f56bfc062723c751e8b465ee728b)
Start importing Assets/Scripts/PlayerController.cs using Guid(2161523491531fe4db9412015eeae465) Importer(815301076,1909f56bfc062723c751e8b465ee728b)  -> (artifact id: '9b2bea3393457eb103b007b8f6500630') in 0.010649 seconds
  Import took 0.017619 seconds .

========================================================================
Received Prepare
Registering precompiled user dll's ...
Registered in 0.005547 seconds.
Begin MonoManager ReloadAssembly
Native extension for WindowsStandalone target not found
Refreshing native plugins compatible for Editor in 0.66 ms, found 3 plugins.
Preloading 0 native plugins for Editor in 0.00 ms.
Mono: successfully reloaded assembly
- Completed reload, in  1.345 seconds
Platform modules already initialized, skipping
Refreshing native plugins compatible for Editor in 0.75 ms, found 3 plugins.
Preloading 0 native plugins for Editor in 0.00 ms.
Unloading 2119 Unused Serialized files (Serialized files now loaded: 0)
System memory in use before: 99.3 MB.
System memory in use after: 99.3 MB.

Unloading 21 unused Assets to reduce memory usage. Loaded Objects now: 2691.
Total: 3.196800 ms (FindLiveObjects: 0.374000 ms CreateObjectMapping: 0.127600 ms MarkObjects: 2.483000 ms  DeleteObjects: 0.211100 ms)

========================================================================
Received Import Request.
  Time since last request: 98.550312 seconds.
  path: Assets/Scripts/PlayerController.cs
  artifactKey: Guid(2161523491531fe4db9412015eeae465) Importer(815301076,1909f56bfc062723c751e8b465ee728b)
Start importing Assets/Scripts/PlayerController.cs using Guid(2161523491531fe4db9412015eeae465) Importer(815301076,1909f56bfc062723c751e8b465ee728b)  -> (artifact id: 'a2943d5275fa792f19e6189f38175187') in 0.008186 seconds
  Import took 0.012666 seconds .

========================================================================
Received Prepare
Registering precompiled user dll's ...
Registered in 0.005047 seconds.
Begin MonoManager ReloadAssembly
Native extension for WindowsStandalone target not found
Refreshing native plugins compatible for Editor in 0.61 ms, found 3 plugins.
Preloading 0 native plugins for Editor in 0.00 ms.
Mono: successfully reloaded assembly
- Completed reload, in  1.415 seconds
Platform modules already initialized, skipping
Refreshing native plugins compatible for Editor in 0.63 ms, found 3 plugins.
Preloading 0 native plugins for Editor in 0.00 ms.
Unloading 2119 Unused Serialized files (Serialized files now loaded: 0)
System memory in use before: 99.3 MB.
System memory in use after: 99.3 MB.

Unloading 21 unused Assets to reduce memory usage. Loaded Objects now: 2695.
Total: 3.573000 ms (FindLiveObjects: 0.416800 ms CreateObjectMapping: 0.133300 ms MarkObjects: 2.808200 ms  DeleteObjects: 0.213800 ms)

========================================================================
Received Prepare
Registering precompiled user dll's ...
Registered in 0.004595 seconds.
Begin MonoManager ReloadAssembly
Native extension for WindowsStandalone target not found
Refreshing native plugins compatible for Editor in 0.61 ms, found 3 plugins.
Preloading 0 native plugins for Editor in 0.00 ms.
Mono: successfully reloaded assembly
- Completed reload, in  1.427 seconds
Platform modules already initialized, skipping
Refreshing native plugins compatible for Editor in 0.97 ms, found 3 plugins.
Preloading 0 native plugins for Editor in 0.00 ms.
Unloading 2119 Unused Serialized files (Serialized files now loaded: 0)
System memory in use before: 99.3 MB.
System memory in use after: 99.3 MB.

Unloading 21 unused Assets to reduce memory usage. Loaded Objects now: 2699.
Total: 3.450000 ms (FindLiveObjects: 0.322200 ms CreateObjectMapping: 0.095900 ms MarkObjects: 2.835700 ms  DeleteObjects: 0.194900 ms)

========================================================================
Received Prepare
Registering precompiled user dll's ...
Registered in 0.005904 seconds.
Begin MonoManager ReloadAssembly
Native extension for WindowsStandalone target not found
Refreshing native plugins compatible for Editor in 0.67 ms, found 3 plugins.
Preloading 0 native plugins for Editor in 0.00 ms.
Mono: successfully reloaded assembly
- Completed reload, in  1.426 seconds
Platform modules already initialized, skipping
Refreshing native plugins compatible for Editor in 0.76 ms, found 3 plugins.
Preloading 0 native plugins for Editor in 0.00 ms.
Unloading 2119 Unused Serialized files (Serialized files now loaded: 0)
System memory in use before: 99.3 MB.
System memory in use after: 99.3 MB.

Unloading 21 unused Assets to reduce memory usage. Loaded Objects now: 2703.
Total: 3.322200 ms (FindLiveObjects: 0.302200 ms CreateObjectMapping: 0.077300 ms MarkObjects: 2.727000 ms  DeleteObjects: 0.214600 ms)

========================================================================
Received Prepare
Registering precompiled user dll's ...
Registered in 0.004887 seconds.
Begin MonoManager ReloadAssembly
Native extension for WindowsStandalone target not found
Refreshing native plugins compatible for Editor in 0.62 ms, found 3 plugins.
Preloading 0 native plugins for Editor in 0.00 ms.
Mono: successfully reloaded assembly
- Completed reload, in  1.304 seconds
Platform modules already initialized, skipping
Refreshing native plugins compatible for Editor in 0.56 ms, found 3 plugins.
Preloading 0 native plugins for Editor in 0.00 ms.
Unloading 2119 Unused Serialized files (Serialized files now loaded: 0)
System memory in use before: 99.4 MB.
System memory in use after: 99.4 MB.

Unloading 21 unused Assets to reduce memory usage. Loaded Objects now: 2707.
Total: 2.592200 ms (FindLiveObjects: 0.243500 ms CreateObjectMapping: 0.101700 ms MarkObjects: 2.071900 ms  DeleteObjects: 0.173900 ms)

========================================================================
Received Prepare
Registering precompiled user dll's ...
Registered in 0.006867 seconds.
Begin MonoManager ReloadAssembly
Native extension for WindowsStandalone target not found
Refreshing native plugins compatible for Editor in 0.97 ms, found 3 plugins.
Preloading 0 native plugins for Editor in 0.00 ms.
Mono: successfully reloaded assembly
- Completed reload, in  1.627 seconds
Platform modules already initialized, skipping
Refreshing native plugins compatible for Editor in 0.64 ms, found 3 plugins.
Preloading 0 native plugins for Editor in 0.00 ms.
Unloading 2119 Unused Serialized files (Serialized files now loaded: 0)
System memory in use before: 99.4 MB.
System memory in use after: 99.4 MB.

Unloading 21 unused Assets to reduce memory usage. Loaded Objects now: 2711.
Total: 3.348000 ms (FindLiveObjects: 0.337200 ms CreateObjectMapping: 0.086300 ms MarkObjects: 2.734800 ms  DeleteObjects: 0.188700 ms)

========================================================================
Received Prepare
Registering precompiled user dll's ...
Registered in 0.004838 seconds.
Begin MonoManager ReloadAssembly
Native extension for WindowsStandalone target not found
Refreshing native plugins compatible for Editor in 0.97 ms, found 3 plugins.
Preloading 0 native plugins for Editor in 0.00 ms.
Mono: successfully reloaded assembly
- Completed reload, in  1.423 seconds
Platform modules already initialized, skipping
Refreshing native plugins compatible for Editor in 0.74 ms, found 3 plugins.
Preloading 0 native plugins for Editor in 0.00 ms.
Unloading 2119 Unused Serialized files (Serialized files now loaded: 0)
System memory in use before: 99.4 MB.
System memory in use after: 99.5 MB.

Unloading 21 unused Assets to reduce memory usage. Loaded Objects now: 2715.
Total: 3.533200 ms (FindLiveObjects: 0.349500 ms CreateObjectMapping: 0.114700 ms MarkObjects: 2.886000 ms  DeleteObjects: 0.181700 ms)

========================================================================
Received Prepare
Registering precompiled user dll's ...
Registered in 0.005170 seconds.
Begin MonoManager ReloadAssembly
Native extension for WindowsStandalone target not found
Refreshing native plugins compatible for Editor in 0.62 ms, found 3 plugins.
Preloading 0 native plugins for Editor in 0.01 ms.
Mono: successfully reloaded assembly
- Completed reload, in  1.343 seconds
Platform modules already initialized, skipping
Refreshing native plugins compatible for Editor in 0.65 ms, found 3 plugins.
Preloading 0 native plugins for Editor in 0.00 ms.
Unloading 2119 Unused Serialized files (Serialized files now loaded: 0)
System memory in use before: 99.4 MB.
System memory in use after: 99.5 MB.

Unloading 21 unused Assets to reduce memory usage. Loaded Objects now: 2719.
Total: 3.335600 ms (FindLiveObjects: 0.319600 ms CreateObjectMapping: 0.104000 ms MarkObjects: 2.690400 ms  DeleteObjects: 0.220300 ms)

AssetImportWorkerClient::OnTransportError - code=2 error=End of file
